04.Kas.2009:Best Compressed Müziðim.tar.bz2
04.Kas.2009:GomPlayer.tar
04.Kas.2009:Compressed deneme.tar
04.Kas.2009:Decompressed deneme.tar
04.Kas.2009:Compressed deneme.tar.gz
04.Kas.2009:Decompressed deneme.tar.gz
04.Kas.2009:Decompressed denem
04.Kas.2009:Compressed deneme.zip
04.Kas.2009:Decompressed denem
04.Kas.2009:Decompressed denem
04.Kas.2009:Compressed Yeni Metin Belgesi.txt.bz2
04.Kas.2009:Decompressed Yeni Metin Belgesi.txt
05.Kas.2009:Compressed GomPlayer.tar
05.Kas.2009:Decompressed GomPlaye
05.Kas.2009:Compressed deneme.tar
05.Kas.2009:Decompressed denem
06.Kas.2009:Best Compressed ornek.tar.lzma
06.Kas.2009:Best Compressed yedek.tar.lzma
06.Kas.2009:Best Compressed yedek.tar.gz
06.Kas.2009:Best Compressed yedek.tar
06.Kas.2009:Best Compressed ornek.tar.bz2
06.Kas.2009:Best Compressed autorun virüsü temizleyici.zip
06.Kas.2009:Best Compressed Polisiye Macera Serisi (217 Kitap).tar.gz
06.Kas.2009:Best Compressed Polisiye Macera Serisi (217 Kitap).tar.bz2
06.Kas.2009:Best Compressed yedek.tar.lzma
06.Kas.2009:Best Compressed yedek.tar
06.Kas.2009:Best Compressed ornek.tar.bz2
06.Kas.2009:Best Compressed Programlama.tar.lzma
06.Kas.2009:Best Compressed ornek.tar
06.Kas.2009:Best Compressed Programlama.tar.bz2
06.Kas.2009:Best Compressed ornek.tar.lzma
06.Kas.2009:Compressed Foto.zip
06.Kas.2009:Compressed Foto.tar.gz
10.Kas.2009:Compressed GomPlayer.tar.bz2
10.Kas.2009:Compressed sol.lnk.gz
10.Kas.2009:Best Compressed ornek.tar.lzma
10.Kas.2009:Decompressed ornek.tar.lzma
10.Kas.2009:Compressed GomPlayer.tar.bz2.gz
